<?xml version="1.0" encoding="UTF-8"?>
<!-- Generated by org.testng.reporters.JUnitReportReporter -->
<testsuite hostname="loadrunner-PC" name="week2_testng.Calander_Webtable" tests="1" failures="0" timestamp="9 Apr 2017 07:13:43 GMT" time="28.676" errors="0">
  <testcase name="calanderTest" time="28.676" classname="week2_testng.Calander_Webtable"/>
</testsuite> <!-- week2_testng.Calander_Webtable -->
