<?xml version="1.0" encoding="UTF-8"?>
<!-- Generated by org.testng.reporters.JUnitReportReporter -->
<testsuite hostname="loadrunner-PC" name="week2_AUI.Slider" tests="1" failures="0" timestamp="15 Apr 2017 12:09:23 GMT" time="12.200" errors="0">
  <testcase name="f" time="12.200" classname="week2_AUI.Slider"/>
</testsuite> <!-- week2_AUI.Slider -->
