<?xml version="1.0" encoding="UTF-8"?>
<!-- Generated by org.testng.reporters.JUnitReportReporter -->
<testsuite hostname="loadrunner-PC" name="sample.ScrollDown_JavaScript" tests="1" failures="0" timestamp="22 Apr 2017 06:57:11 GMT" time="18.659" errors="0">
  <testcase name="f" time="18.659" classname="sample.ScrollDown_JavaScript"/>
</testsuite> <!-- sample.ScrollDown_JavaScript -->
