<?xml version="1.0" encoding="UTF-8"?>
<!-- Generated by org.testng.reporters.JUnitReportReporter -->
<testsuite hostname="loadrunner-PC" name="week2_testng.Tours_Popup" tests="1" failures="0" timestamp="9 Apr 2017 07:40:50 GMT" time="33.992" errors="0">
  <testcase name="popup" time="33.992" classname="week2_testng.Tours_Popup"/>
</testsuite> <!-- week2_testng.Tours_Popup -->
