<?xml version="1.0" encoding="UTF-8"?>
<!-- Generated by org.testng.reporters.JUnitReportReporter -->
<testsuite hostname="loadrunner-PC" name="com.HRM.TestExec.LoginusingProperties" tests="1" failures="0" timestamp="16 Apr 2017 10:29:29 GMT" time="3.993" errors="0">
  <testcase name="loginTest" time="3.993" classname="com.HRM.TestExec.LoginusingProperties"/>
</testsuite> <!-- com.HRM.TestExec.LoginusingProperties -->
