<?xml version="1.0" encoding="UTF-8"?>
<!-- Generated by org.testng.reporters.JUnitReportReporter -->
<testsuite hostname="loadrunner-PC" name="week2_testng.NewTest" tests="3" failures="0" timestamp="15 Apr 2017 12:09:23 GMT" time="0.005" errors="0">
  <testcase name="f" time="0.000" classname="week2_testng.NewTest"/>
  <testcase name="a" time="0.000" classname="week2_testng.NewTest"/>
  <testcase name="z" time="0.005" classname="week2_testng.NewTest"/>
</testsuite> <!-- week2_testng.NewTest -->
