<?xml version="1.0" encoding="UTF-8"?>
<!-- Generated by org.testng.reporters.JUnitReportReporter -->
<testsuite hostname="loadrunner-PC" name="sample.HiddenLinks_JAvaScrpitexe" tests="1" failures="0" timestamp="22 Apr 2017 06:53:38 GMT" time="13.258" errors="0">
  <testcase name="f" time="13.258" classname="sample.HiddenLinks_JAvaScrpitexe"/>
</testsuite> <!-- sample.HiddenLinks_JAvaScrpitexe -->
