<?xml version="1.0" encoding="UTF-8"?>
<!-- Generated by org.testng.reporters.JUnitReportReporter -->
<testsuite hostname="loadrunner-PC" name="com.HRM.TestExec.LoginusingKeywords" tests="1" failures="0" timestamp="16 Apr 2017 10:11:27 GMT" time="9.821" errors="0">
  <testcase name="loginTest" time="9.821" classname="com.HRM.TestExec.LoginusingKeywords"/>
</testsuite> <!-- com.HRM.TestExec.LoginusingKeywords -->
