<?xml version="1.0" encoding="UTF-8"?>
<!-- Generated by org.testng.reporters.JUnitReportReporter -->
<testsuite hostname="loadrunner-PC" name="week2_testng.Dynamic_Xpath" tests="1" failures="0" timestamp="9 Apr 2017 10:11:05 GMT" time="31.206" errors="0">
  <testcase name="f" time="31.206" classname="week2_testng.Dynamic_Xpath"/>
</testsuite> <!-- week2_testng.Dynamic_Xpath -->
