<?xml version="1.0" encoding="UTF-8"?>
<!-- Generated by org.testng.reporters.JUnitReportReporter -->
<testsuite hostname="loadrunner-PC" name="com.HRM.TestExec.Hybrid_HRM" tests="1" failures="0" timestamp="16 Apr 2017 11:09:16 GMT" time="9.667" errors="0">
  <testcase name="f" time="9.667" classname="com.HRM.TestExec.Hybrid_HRM"/>
</testsuite> <!-- com.HRM.TestExec.Hybrid_HRM -->
