<?xml version="1.0" encoding="UTF-8"?>
<!-- Generated by org.testng.reporters.JUnitReportReporter -->
<testsuite hostname="loadrunner-PC" name="week3_sat.SaveFile_AutoIT" tests="1" failures="0" timestamp="15 Apr 2017 07:20:49 GMT" time="26.191" errors="0">
  <testcase name="f" time="26.191" classname="week3_sat.SaveFile_AutoIT"/>
</testsuite> <!-- week3_sat.SaveFile_AutoIT -->
