<?xml version="1.0" encoding="UTF-8"?>
<!-- Generated by org.testng.reporters.JUnitReportReporter -->
<testsuite hostname="loadrunner-PC" name="week3_sat.FileUpload_AutoIT" tests="1" failures="0" timestamp="15 Apr 2017 06:54:52 GMT" time="18.043" errors="0">
  <testcase name="f" time="18.043" classname="week3_sat.FileUpload_AutoIT"/>
</testsuite> <!-- week3_sat.FileUpload_AutoIT -->
