<?xml version="1.0" encoding="UTF-8"?>
<!-- Generated by org.testng.reporters.JUnitReportReporter -->
<testsuite hostname="loadrunner-PC" name="week2_testng.Webtable_Rows" tests="1" failures="0" timestamp="9 Apr 2017 06:49:46 GMT" time="1.247" errors="0">
  <testcase name="f" time="1.247" classname="week2_testng.Webtable_Rows"/>
</testsuite> <!-- week2_testng.Webtable_Rows -->
