<?xml version="1.0" encoding="UTF-8"?>
<!-- Generated by org.testng.reporters.JUnitReportReporter -->
<testsuite hostname="loadrunner-PC" name="week2_testng.WebTables1" tests="1" failures="0" timestamp="8 Apr 2017 11:21:45 GMT" time="15.295" errors="0">
  <testcase name="f" time="15.295" classname="week2_testng.WebTables1"/>
</testsuite> <!-- week2_testng.WebTables1 -->
