<?xml version="1.0" encoding="UTF-8"?>
<!-- Generated by org.testng.reporters.JUnitReportReporter -->
<testsuite hostname="loadrunner-PC" name="week2_testng.CssSelector12" tests="1" failures="0" timestamp="9 Apr 2017 10:40:37 GMT" time="32.065" errors="0">
  <testcase name="f" time="32.065" classname="week2_testng.CssSelector12"/>
</testsuite> <!-- week2_testng.CssSelector12 -->
