<?xml version="1.0" encoding="UTF-8"?>
<!-- Generated by org.testng.reporters.JUnitReportReporter -->
<testsuite hostname="loadrunner-PC" name="sample.Implicit_Wait" tests="1" failures="0" timestamp="22 Apr 2017 07:33:43 GMT" time="8.561" errors="0">
  <testcase name="f" time="8.561" classname="sample.Implicit_Wait"/>
</testsuite> <!-- sample.Implicit_Wait -->
