<?xml version="1.0" encoding="UTF-8"?>
<!-- Generated by org.testng.reporters.JUnitReportReporter -->
<testsuite hostname="loadrunner-PC" name="sample.ExplicitWait_Fluentwait" tests="1" failures="0" timestamp="22 Apr 2017 08:00:11 GMT" time="24.638" errors="0">
  <testcase name="waitTest" time="24.638" classname="sample.ExplicitWait_Fluentwait"/>
</testsuite> <!-- sample.ExplicitWait_Fluentwait -->
