<?xml version="1.0" encoding="UTF-8"?>
<!-- Generated by org.testng.reporters.JUnitReportReporter -->
<testsuite hostname="loadrunner-PC" name="week3_sat.Robot_Mouse" tests="1" failures="0" timestamp="15 Apr 2017 08:17:03 GMT" time="6.038" errors="0">
  <testcase name="f" time="6.038" classname="week3_sat.Robot_Mouse"/>
</testsuite> <!-- week3_sat.Robot_Mouse -->
