<?xml version="1.0" encoding="UTF-8"?>
<!-- Generated by org.testng.reporters.JUnitReportReporter -->
<testsuite hostname="loadrunner-PC" name="com.HRM.TestExec.datadriventesting" tests="1" failures="0" timestamp="16 Apr 2017 10:42:10 GMT" time="29.434" errors="0">
  <testcase name="f" time="29.434" classname="com.HRM.TestExec.datadriventesting"/>
</testsuite> <!-- com.HRM.TestExec.datadriventesting -->
