<?xml version="1.0" encoding="UTF-8"?>
<!-- Generated by org.testng.reporters.JUnitReportReporter -->
<testsuite hostname="loadrunner-PC" name="week3_sat.UploadFile_Robot" tests="1" failures="0" timestamp="15 Apr 2017 08:07:30 GMT" time="25.453" errors="0">
  <testcase name="f" time="25.453" classname="week3_sat.UploadFile_Robot"/>
</testsuite> <!-- week3_sat.UploadFile_Robot -->
