<?xml version="1.0" encoding="UTF-8"?>
<!-- Generated by org.testng.reporters.JUnitReportReporter -->
<testsuite hostname="loadrunner-PC" name="sample.CokiesTesting" tests="1" failures="0" timestamp="22 Apr 2017 07:20:30 GMT" time="9.223" errors="0">
  <testcase name="cookiesTest" time="9.223" classname="sample.CokiesTesting"/>
</testsuite> <!-- sample.CokiesTesting -->
