<?xml version="1.0" encoding="UTF-8"?>
<!-- Generated by org.testng.reporters.JUnitReportReporter -->
<testsuite hostname="loadrunner-PC" name="week3_sat.SaveFile_Robot" tests="1" failures="0" timestamp="15 Apr 2017 07:42:22 GMT" time="17.675" errors="0">
  <testcase name="f" time="17.675" classname="week3_sat.SaveFile_Robot"/>
</testsuite> <!-- week3_sat.SaveFile_Robot -->
